{"/root/.local/share/opencode/worktree/922233a32dab9ee1e3eb2b8edb97450533f05808/tests/src/assets/avatar.gif": {"path":"/root/.local/share/opencode/worktree/922233a32dab9ee1e3eb2b8edb97450533f05808/tests/src/assets/avatar.gif","statementMap":{},"fnMap":{},"branchMap":{},"s":{},"f":{},"b":{},"meta":{"lastBranch":0,"lastFunction":0,"lastStatement":0,"seen":{},"fnNames":{}}}
,"/root/.local/share/opencode/worktree/922233a32dab9ee1e3eb2b8edb97450533f05808/tests/src/components/Genres/Genres.jsx": {"path":"/root/.local/share/opencode/worktree/922233a32dab9ee1e3eb2b8edb97450533f05808/tests/src/components/Genres/Genres.jsx","statementMap":{"0":{"start":{"line":9,"column":30},"end":{"line":9,"column":null}},"1":{"start":{"line":11,"column":4},"end":{"line":20,"column":null}},"2":{"start":{"line":15,"column":30},"end":{"line":15,"column":null}},"3":{"start":{"line":15,"column":56},"end":{"line":15,"column":71}},"4":{"start":{"line":16,"column":16},"end":{"line":17,"column":null}}},"fnMap":{"0":{"name":"Genres","decl":{"start":{"line":8,"column":9},"end":{"line":8,"column":16}},"loc":{"start":{"line":8,"column":34},"end":{"line":22,"column":null}},"line":8},"1":{"name":"(anonymous_1)","decl":{"start":{"line":14,"column":31},"end":{"line":14,"column":32}},"loc":{"start":{"line":14,"column":46},"end":{"line":19,"column":13}},"line":14},"2":{"name":"(anonymous_2)","decl":{"start":{"line":15,"column":45},"end":{"line":15,"column":46}},"loc":{"start":{"line":15,"column":56},"end":{"line":15,"column":71}},"line":15}},"branchMap":{"0":{"loc":{"start":{"line":17,"column":65},"end":{"line":17,"column":106}},"type":"binary-expr","locations":[{"start":{"line":17,"column":65},"end":{"line":17,"column":102}},{"start":{"line":17,"column":102},"end":{"line":17,"column":106}}],"line":17}},"s":{"0":40,"1":40,"2":31,"3":23,"4":31},"f":{"0":40,"1":31,"2":23},"b":{"0":[31,2]},"meta":{"lastBranch":1,"lastFunction":3,"lastStatement":5,"seen":{"f:8:9:8:16":0,"s:9:30:9:Infinity":0,"s:11:4:20:Infinity":1,"f:14:31:14:32":1,"s:15:30:15:Infinity":2,"f:15:45:15:46":2,"s:15:56:15:71":3,"s:16:16:17:Infinity":4,"b:17:65:17:102:17:102:17:106":0},"fnNames":{}}}
,"/root/.local/share/opencode/worktree/922233a32dab9ee1e3eb2b8edb97450533f05808/tests/src/components/Header/Header.jsx": {"path":"/root/.local/share/opencode/worktree/922233a32dab9ee1e3eb2b8edb97450533f05808/tests/src/components/Header/Header.jsx","statementMap":{"0":{"start":{"line":10,"column":34},"end":{"line":10,"column":null}},"1":{"start":{"line":11,"column":26},"end":{"line":11,"column":null}},"2":{"start":{"line":12,"column":35},"end":{"line":12,"column":null}},"3":{"start":{"line":14,"column":24},"end":{"line":18,"column":null}},"4":{"start":{"line":15,"column":28},"end":{"line":15,"column":null}},"5":{"start":{"line":16,"column":8},"end":{"line":16,"column":null}},"6":{"start":{"line":17,"column":8},"end":{"line":17,"column":null}},"7":{"start":{"line":20,"column":4},"end":{"line":53,"column":null}},"8":{"start":{"line":26,"column":37},"end":{"line":26,"column":null}},"9":{"start":{"line":34,"column":28},"end":{"line":34,"column":null}}},"fnMap":{"0":{"name":"Header","decl":{"start":{"line":9,"column":9},"end":{"line":9,"column":18}},"loc":{"start":{"line":9,"column":18},"end":{"line":55,"column":null}},"line":9},"1":{"name":"(anonymous_1)","decl":{"start":{"line":14,"column":24},"end":{"line":14,"column":30}},"loc":{"start":{"line":14,"column":30},"end":{"line":18,"column":null}},"line":14},"2":{"name":"(anonymous_2)","decl":{"start":{"line":26,"column":30},"end":{"line":26,"column":31}},"loc":{"start":{"line":26,"column":37},"end":{"line":26,"column":null}},"line":26},"3":{"name":"(anonymous_3)","decl":{"start":{"line":33,"column":43},"end":{"line":33,"column":44}},"loc":{"start":{"line":33,"column":54},"end":{"line":35,"column":25}},"line":33}},"branchMap":{"0":{"loc":{"start":{"line":21,"column":24},"end":{"line":21,"column":null}},"type":"cond-expr","locations":[{"start":{"line":21,"column":35},"end":{"line":21,"column":56}},{"start":{"line":21,"column":56},"end":{"line":21,"column":null}}],"line":21},"1":{"loc":{"start":{"line":27,"column":47},"end":{"line":27,"column":70}},"type":"binary-expr","locations":[{"start":{"line":27,"column":47},"end":{"line":27,"column":56}},{"start":{"line":27,"column":56},"end":{"line":27,"column":70}}],"line":27},"2":{"loc":{"start":{"line":27,"column":74},"end":{"line":27,"column":102}},"type":"binary-expr","locations":[{"start":{"line":27,"column":74},"end":{"line":27,"column":84}},{"start":{"line":27,"column":84},"end":{"line":27,"column":97}},{"start":{"line":27,"column":97},"end":{"line":27,"column":102}}],"line":27},"3":{"loc":{"start":{"line":31,"column":17},"end":{"line":36,"column":null}},"type":"binary-expr","locations":[{"start":{"line":31,"column":17},"end":{"line":31,"column":null}},{"start":{"line":32,"column":20},"end":{"line":36,"column":null}}],"line":31},"4":{"loc":{"start":{"line":42,"column":21},"end":{"line":50,"column":null}},"type":"cond-expr","locations":[{"start":{"line":43,"column":26},"end":{"line":46,"column":null}},{"start":{"line":47,"column":26},"end":{"line":50,"column":null}}],"line":42}},"s":{"0":6,"1":6,"2":6,"3":6,"4":1,"5":1,"6":1,"7":6,"8":1,"9":1},"f":{"0":6,"1":1,"2":1,"3":1},"b":{"0":[5,1],"1":[6,1],"2":[6,5,1],"3":[6,1],"4":[5,1]},"meta":{"lastBranch":5,"lastFunction":4,"lastStatement":10,"seen":{"f:9:9:9:18":0,"s:10:34:10:Infinity":0,"s:11:26:11:Infinity":1,"s:12:35:12:Infinity":2,"s:14:24:18:Infinity":3,"f:14:24:14:30":1,"s:15:28:15:Infinity":4,"s:16:8:16:Infinity":5,"s:17:8:17:Infinity":6,"s:20:4:53:Infinity":7,"b:21:35:21:56:21:56:21:Infinity":0,"f:26:30:26:31":2,"s:26:37:26:Infinity":8,"b:27:47:27:56:27:56:27:70":1,"b:27:74:27:84:27:84:27:97:27:97:27:102":2,"b:31:17:31:Infinity:32:20:36:Infinity":3,"f:33:43:33:44":3,"s:34:28:34:Infinity":9,"b:43:26:46:Infinity:47:26:50:Infinity":4},"fnNames":{}}}
,"/root/.local/share/opencode/worktree/922233a32dab9ee1e3eb2b8edb97450533f05808/tests/src/components/MovieCard/MovieCard.jsx": {"path":"/root/.local/share/opencode/worktree/922233a32dab9ee1e3eb2b8edb97450533f05808/tests/src/components/MovieCard/MovieCard.jsx","statementMap":{"0":{"start":{"line":16,"column":17},"end":{"line":16,"column":null}},"1":{"start":{"line":17,"column":8},"end":{"line":17,"column":null}},"2":{"start":{"line":19,"column":21},"end":{"line":29,"column":null}},"3":{"start":{"line":31,"column":22},"end":{"line":35,"column":null}},"4":{"start":{"line":32,"column":4},"end":{"line":32,"column":null}},"5":{"start":{"line":37,"column":2},"end":{"line":49,"column":null}}},"fnMap":{"0":{"name":"MovieCard","decl":{"start":{"line":15,"column":24},"end":{"line":15,"column":34}},"loc":{"start":{"line":15,"column":88},"end":{"line":51,"column":null}},"line":15},"1":{"name":"(anonymous_1)","decl":{"start":{"line":31,"column":22},"end":{"line":31,"column":28}},"loc":{"start":{"line":31,"column":28},"end":{"line":35,"column":null}},"line":31}},"branchMap":{"0":{"loc":{"start":{"line":16,"column":17},"end":{"line":16,"column":null}},"type":"cond-expr","locations":[{"start":{"line":16,"column":24},"end":{"line":16,"column":60}},{"start":{"line":16,"column":60},"end":{"line":16,"column":null}}],"line":16},"1":{"loc":{"start":{"line":28,"column":15},"end":{"line":28,"column":null}},"type":"cond-expr","locations":[{"start":{"line":28,"column":46},"end":{"line":28,"column":90}},{"start":{"line":28,"column":90},"end":{"line":28,"column":null}}],"line":28},"2":{"loc":{"start":{"line":48,"column":7},"end":{"line":48,"column":null}},"type":"cond-expr","locations":[{"start":{"line":48,"column":40},"end":{"line":48,"column":63}},{"start":{"line":48,"column":63},"end":{"line":48,"column":null}}],"line":48}},"s":{"0":30,"1":30,"2":30,"3":30,"4":1,"5":30},"f":{"0":30,"1":1},"b":{"0":[29,1],"1":[22,8],"2":[8,22]},"meta":{"lastBranch":3,"lastFunction":2,"lastStatement":6,"seen":{"f:15:24:15:34":0,"s:16:17:16:Infinity":0,"b:16:24:16:60:16:60:16:Infinity":0,"s:17:8:17:Infinity":1,"s:19:21:29:Infinity":2,"b:28:46:28:90:28:90:28:Infinity":1,"s:31:22:35:Infinity":3,"f:31:22:31:28":1,"s:32:4:32:Infinity":4,"s:37:2:49:Infinity":5,"b:48:40:48:63:48:63:48:Infinity":2},"fnNames":{}}}
,"/root/.local/share/opencode/worktree/922233a32dab9ee1e3eb2b8edb97450533f05808/tests/src/components/Ratings/Ratings.jsx": {"path":"/root/.local/share/opencode/worktree/922233a32dab9ee1e3eb2b8edb97450533f05808/tests/src/components/Ratings/Ratings.jsx","statementMap":{"0":{"start":{"line":9,"column":17},"end":{"line":9,"column":null}},"1":{"start":{"line":10,"column":2},"end":{"line":31,"column":null}}},"fnMap":{"0":{"name":"Ratings","decl":{"start":{"line":8,"column":9},"end":{"line":8,"column":17}},"loc":{"start":{"line":8,"column":34},"end":{"line":33,"column":null}},"line":8}},"branchMap":{"0":{"loc":{"start":{"line":9,"column":17},"end":{"line":9,"column":null}},"type":"cond-expr","locations":[{"start":{"line":9,"column":48},"end":{"line":9,"column":62}},{"start":{"line":9,"column":62},"end":{"line":9,"column":null}}],"line":9}},"s":{"0":66,"1":66},"f":{"0":66},"b":{"0":[65,1]},"meta":{"lastBranch":1,"lastFunction":1,"lastStatement":2,"seen":{"f:8:9:8:17":0,"s:9:17:9:Infinity":0,"b:9:48:9:62:9:62:9:Infinity":0,"s:10:2:31:Infinity":1},"fnNames":{}}}
,"/root/.local/share/opencode/worktree/922233a32dab9ee1e3eb2b8edb97450533f05808/tests/src/components/Review/Review.jsx": {"path":"/root/.local/share/opencode/worktree/922233a32dab9ee1e3eb2b8edb97450533f05808/tests/src/components/Review/Review.jsx","statementMap":{"0":{"start":{"line":12,"column":30},"end":{"line":12,"column":null}},"1":{"start":{"line":13,"column":36},"end":{"line":13,"column":null}},"2":{"start":{"line":14,"column":21},"end":{"line":14,"column":null}},"3":{"start":{"line":16,"column":4},"end":{"line":28,"column":null}},"4":{"start":{"line":20,"column":35},"end":{"line":20,"column":56}},"5":{"start":{"line":25,"column":135},"end":{"line":25,"column":153}},"6":{"start":{"line":26,"column":117},"end":{"line":26,"column":136}}},"fnMap":{"0":{"name":"Review","decl":{"start":{"line":11,"column":9},"end":{"line":11,"column":16}},"loc":{"start":{"line":11,"column":28},"end":{"line":30,"column":null}},"line":11},"1":{"name":"(anonymous_1)","decl":{"start":{"line":20,"column":29},"end":{"line":20,"column":35}},"loc":{"start":{"line":20,"column":35},"end":{"line":20,"column":56}},"line":20},"2":{"name":"(anonymous_2)","decl":{"start":{"line":25,"column":129},"end":{"line":25,"column":135}},"loc":{"start":{"line":25,"column":135},"end":{"line":25,"column":153}},"line":25},"3":{"name":"(anonymous_3)","decl":{"start":{"line":26,"column":111},"end":{"line":26,"column":117}},"loc":{"start":{"line":26,"column":117},"end":{"line":26,"column":136}},"line":26}},"branchMap":{"0":{"loc":{"start":{"line":19,"column":45},"end":{"line":19,"column":139}},"type":"cond-expr","locations":[{"start":{"line":19,"column":58},"end":{"line":19,"column":67}},{"start":{"line":19,"column":67},"end":{"line":19,"column":139}}],"line":19},"1":{"loc":{"start":{"line":24,"column":13},"end":{"line":26,"column":null}},"type":"cond-expr","locations":[{"start":{"line":25,"column":18},"end":{"line":25,"column":null}},{"start":{"line":26,"column":18},"end":{"line":26,"column":null}}],"line":24},"2":{"loc":{"start":{"line":25,"column":32},"end":{"line":25,"column":81}},"type":"cond-expr","locations":[{"start":{"line":25,"column":43},"end":{"line":25,"column":55}},{"start":{"line":25,"column":55},"end":{"line":25,"column":81}}],"line":25},"3":{"loc":{"start":{"line":26,"column":32},"end":{"line":26,"column":81}},"type":"cond-expr","locations":[{"start":{"line":26,"column":43},"end":{"line":26,"column":55}},{"start":{"line":26,"column":55},"end":{"line":26,"column":81}}],"line":26}},"s":{"0":46,"1":46,"2":46,"3":46,"4":1,"5":2,"6":1},"f":{"0":46,"1":1,"2":2,"3":1},"b":{"0":[1,45],"1":[44,2],"2":[43,1],"3":[2,0]},"meta":{"lastBranch":4,"lastFunction":4,"lastStatement":7,"seen":{"f:11:9:11:16":0,"s:12:30:12:Infinity":0,"s:13:36:13:Infinity":1,"s:14:21:14:Infinity":2,"s:16:4:28:Infinity":3,"b:19:58:19:67:19:67:19:139":0,"f:20:29:20:35":1,"s:20:35:20:56":4,"b:25:18:25:Infinity:26:18:26:Infinity":1,"b:25:43:25:55:25:55:25:81":2,"f:25:129:25:135":2,"s:25:135:25:153":5,"b:26:43:26:55:26:55:26:81":3,"f:26:111:26:117":3,"s:26:117:26:136":6},"fnNames":{}}}
,"/root/.local/share/opencode/worktree/922233a32dab9ee1e3eb2b8edb97450533f05808/tests/src/components/SearchResults/SearchResults.jsx": {"path":"/root/.local/share/opencode/worktree/922233a32dab9ee1e3eb2b8edb97450533f05808/tests/src/components/SearchResults/SearchResults.jsx","statementMap":{"0":{"start":{"line":12,"column":10},"end":{"line":12,"column":null}},"1":{"start":{"line":13,"column":36},"end":{"line":13,"column":null}},"2":{"start":{"line":16,"column":27},"end":{"line":19,"column":null}},"3":{"start":{"line":17,"column":6},"end":{"line":17,"column":null}},"4":{"start":{"line":18,"column":6},"end":{"line":18,"column":null}},"5":{"start":{"line":20,"column":2},"end":{"line":25,"column":null}},"6":{"start":{"line":23,"column":26},"end":{"line":23,"column":47}}},"fnMap":{"0":{"name":"SearchResults","decl":{"start":{"line":11,"column":9},"end":{"line":11,"column":23}},"loc":{"start":{"line":11,"column":44},"end":{"line":27,"column":null}},"line":11},"1":{"name":"(anonymous_1)","decl":{"start":{"line":16,"column":27},"end":{"line":16,"column":31}},"loc":{"start":{"line":16,"column":31},"end":{"line":19,"column":null}},"line":16},"2":{"name":"(anonymous_2)","decl":{"start":{"line":23,"column":20},"end":{"line":23,"column":26}},"loc":{"start":{"line":23,"column":26},"end":{"line":23,"column":47}},"line":23}},"branchMap":{"0":{"loc":{"start":{"line":22,"column":41},"end":{"line":22,"column":null}},"type":"cond-expr","locations":[{"start":{"line":22,"column":54},"end":{"line":22,"column":63}},{"start":{"line":22,"column":63},"end":{"line":22,"column":null}}],"line":22}},"s":{"0":7,"1":7,"2":7,"3":1,"4":1,"5":7,"6":1},"f":{"0":7,"1":1,"2":1},"b":{"0":[1,6]},"meta":{"lastBranch":1,"lastFunction":3,"lastStatement":7,"seen":{"f:11:9:11:23":0,"s:12:10:12:Infinity":0,"s:13:36:13:Infinity":1,"s:16:27:19:Infinity":2,"f:16:27:16:31":1,"s:17:6:17:Infinity":3,"s:18:6:18:Infinity":4,"s:20:2:25:Infinity":5,"b:22:54:22:63:22:63:22:Infinity":0,"f:23:20:23:26":2,"s:23:26:23:47":6},"fnNames":{}}}
,"/root/.local/share/opencode/worktree/922233a32dab9ee1e3eb2b8edb97450533f05808/tests/src/components/Slider/Slider.jsx": {"path":"/root/.local/share/opencode/worktree/922233a32dab9ee1e3eb2b8edb97450533f05808/tests/src/components/Slider/Slider.jsx","statementMap":{"0":{"start":{"line":14,"column":35},"end":{"line":14,"column":null}},"1":{"start":{"line":15,"column":26},"end":{"line":15,"column":null}},"2":{"start":{"line":16,"column":25},"end":{"line":16,"column":null}},"3":{"start":{"line":17,"column":10},"end":{"line":17,"column":null}},"4":{"start":{"line":19,"column":23},"end":{"line":22,"column":null}},"5":{"start":{"line":20,"column":8},"end":{"line":20,"column":null}},"6":{"start":{"line":21,"column":8},"end":{"line":21,"column":null}},"7":{"start":{"line":24,"column":24},"end":{"line":30,"column":null}},"8":{"start":{"line":25,"column":8},"end":{"line":29,"column":null}},"9":{"start":{"line":26,"column":12},"end":{"line":26,"column":null}},"10":{"start":{"line":28,"column":12},"end":{"line":28,"column":null}},"11":{"start":{"line":32,"column":23},"end":{"line":38,"column":null}},"12":{"start":{"line":33,"column":8},"end":{"line":37,"column":null}},"13":{"start":{"line":34,"column":12},"end":{"line":34,"column":null}},"14":{"start":{"line":36,"column":12},"end":{"line":36,"column":null}},"15":{"start":{"line":40,"column":24},"end":{"line":47,"column":null}},"16":{"start":{"line":49,"column":4},"end":{"line":62,"column":null}}},"fnMap":{"0":{"name":"Slider","decl":{"start":{"line":13,"column":9},"end":{"line":13,"column":18}},"loc":{"start":{"line":13,"column":18},"end":{"line":64,"column":null}},"line":13},"1":{"name":"(anonymous_1)","decl":{"start":{"line":19,"column":23},"end":{"line":19,"column":29}},"loc":{"start":{"line":19,"column":29},"end":{"line":22,"column":null}},"line":19},"2":{"name":"(anonymous_2)","decl":{"start":{"line":24,"column":24},"end":{"line":24,"column":30}},"loc":{"start":{"line":24,"column":30},"end":{"line":30,"column":null}},"line":24},"3":{"name":"(anonymous_3)","decl":{"start":{"line":32,"column":23},"end":{"line":32,"column":29}},"loc":{"start":{"line":32,"column":29},"end":{"line":38,"column":null}},"line":32}},"branchMap":{"0":{"loc":{"start":{"line":25,"column":8},"end":{"line":29,"column":null}},"type":"if","locations":[{"start":{"line":25,"column":8},"end":{"line":29,"column":null}},{"start":{"line":27,"column":15},"end":{"line":29,"column":null}}],"line":25},"1":{"loc":{"start":{"line":33,"column":8},"end":{"line":37,"column":null}},"type":"if","locations":[{"start":{"line":33,"column":8},"end":{"line":37,"column":null}},{"start":{"line":35,"column":15},"end":{"line":37,"column":null}}],"line":33},"2":{"loc":{"start":{"line":58,"column":34},"end":{"line":58,"column":186}},"type":"binary-expr","locations":[{"start":{"line":58,"column":34},"end":{"line":58,"column":73}},{"start":{"line":58,"column":73},"end":{"line":58,"column":186}}],"line":58},"3":{"loc":{"start":{"line":59,"column":38},"end":{"line":59,"column":106}},"type":"cond-expr","locations":[{"start":{"line":59,"column":62},"end":{"line":59,"column":103}},{"start":{"line":59,"column":103},"end":{"line":59,"column":106}}],"line":59}},"s":{"0":22,"1":22,"2":22,"3":22,"4":22,"5":1,"6":1,"7":22,"8":4,"9":1,"10":3,"11":22,"12":2,"13":1,"14":1,"15":22,"16":22},"f":{"0":22,"1":1,"2":4,"3":2},"b":{"0":[1,3],"1":[1,1],"2":[22,13],"3":[13,9]},"meta":{"lastBranch":4,"lastFunction":4,"lastStatement":17,"seen":{"f:13:9:13:18":0,"s:14:35:14:Infinity":0,"s:15:26:15:Infinity":1,"s:16:25:16:Infinity":2,"s:17:10:17:Infinity":3,"s:19:23:22:Infinity":4,"f:19:23:19:29":1,"s:20:8:20:Infinity":5,"s:21:8:21:Infinity":6,"s:24:24:30:Infinity":7,"f:24:24:24:30":2,"b:25:8:29:Infinity:27:15:29:Infinity":0,"s:25:8:29:Infinity":8,"s:26:12:26:Infinity":9,"s:28:12:28:Infinity":10,"s:32:23:38:Infinity":11,"f:32:23:32:29":3,"b:33:8:37:Infinity:35:15:37:Infinity":1,"s:33:8:37:Infinity":12,"s:34:12:34:Infinity":13,"s:36:12:36:Infinity":14,"s:40:24:47:Infinity":15,"s:49:4:62:Infinity":16,"b:58:34:58:73:58:73:58:186":2,"b:59:62:59:103:59:103:59:106":3},"fnNames":{}}}
,"/root/.local/share/opencode/worktree/922233a32dab9ee1e3eb2b8edb97450533f05808/tests/src/context/ThemeContext.jsx": {"path":"/root/.local/share/opencode/worktree/922233a32dab9ee1e3eb2b8edb97450533f05808/tests/src/context/ThemeContext.jsx","statementMap":{"0":{"start":{"line":2,"column":13},"end":{"line":2,"column":null}},"1":{"start":{"line":8,"column":28},"end":{"line":8,"column":null}},"2":{"start":{"line":10,"column":0},"end":{"line":16,"column":null}},"3":{"start":{"line":11,"column":18},"end":{"line":11,"column":null}},"4":{"start":{"line":12,"column":4},"end":{"line":14,"column":null}},"5":{"start":{"line":13,"column":8},"end":{"line":13,"column":null}},"6":{"start":{"line":20,"column":2},"end":{"line":24,"column":null}}},"fnMap":{"0":{"name":"ThemeContextProvider","decl":{"start":{"line":7,"column":24},"end":{"line":7,"column":45}},"loc":{"start":{"line":7,"column":52},"end":{"line":26,"column":null}},"line":7},"1":{"name":"(anonymous_1)","decl":{"start":{"line":10,"column":10},"end":{"line":10,"column":14}},"loc":{"start":{"line":10,"column":14},"end":{"line":16,"column":3}},"line":10}},"branchMap":{"0":{"loc":{"start":{"line":12,"column":4},"end":{"line":14,"column":null}},"type":"if","locations":[{"start":{"line":12,"column":4},"end":{"line":14,"column":null}},{"start":{},"end":{}}],"line":12}},"s":{"0":8,"1":52,"2":52,"3":45,"4":45,"5":5,"6":52},"f":{"0":52,"1":45},"b":{"0":[5,40]},"meta":{"lastBranch":1,"lastFunction":2,"lastStatement":7,"seen":{"s:2:13:2:Infinity":0,"f:7:24:7:45":0,"s:8:28:8:Infinity":1,"s:10:0:16:Infinity":2,"f:10:10:10:14":1,"s:11:18:11:Infinity":3,"b:12:4:14:Infinity:undefined:undefined:undefined:undefined":0,"s:12:4:14:Infinity":4,"s:13:8:13:Infinity":5,"s:20:2:24:Infinity":6},"fnNames":{}}}
,"/root/.local/share/opencode/worktree/922233a32dab9ee1e3eb2b8edb97450533f05808/tests/src/context/UserContext.jsx": {"path":"/root/.local/share/opencode/worktree/922233a32dab9ee1e3eb2b8edb97450533f05808/tests/src/context/UserContext.jsx","statementMap":{"0":{"start":{"line":2,"column":13},"end":{"line":2,"column":null}},"1":{"start":{"line":8,"column":24},"end":{"line":8,"column":null}},"2":{"start":{"line":9,"column":25},"end":{"line":9,"column":null}},"3":{"start":{"line":11,"column":0},"end":{"line":19,"column":null}},"4":{"start":{"line":12,"column":17},"end":{"line":12,"column":null}},"5":{"start":{"line":13,"column":4},"end":{"line":17,"column":null}},"6":{"start":{"line":14,"column":8},"end":{"line":14,"column":null}},"7":{"start":{"line":16,"column":8},"end":{"line":16,"column":null}},"8":{"start":{"line":18,"column":4},"end":{"line":18,"column":null}},"9":{"start":{"line":21,"column":2},"end":{"line":24,"column":null}}},"fnMap":{"0":{"name":"UserContextProvider","decl":{"start":{"line":7,"column":24},"end":{"line":7,"column":44}},"loc":{"start":{"line":7,"column":51},"end":{"line":27,"column":null}},"line":7},"1":{"name":"(anonymous_1)","decl":{"start":{"line":11,"column":10},"end":{"line":11,"column":14}},"loc":{"start":{"line":11,"column":14},"end":{"line":19,"column":7}},"line":11}},"branchMap":{"0":{"loc":{"start":{"line":13,"column":4},"end":{"line":17,"column":null}},"type":"if","locations":[{"start":{"line":13,"column":4},"end":{"line":17,"column":null}},{"start":{"line":15,"column":9},"end":{"line":17,"column":null}}],"line":13}},"s":{"0":5,"1":43,"2":43,"3":43,"4":19,"5":19,"6":15,"7":4,"8":19,"9":43},"f":{"0":43,"1":19},"b":{"0":[15,4]},"meta":{"lastBranch":1,"lastFunction":2,"lastStatement":10,"seen":{"s:2:13:2:Infinity":0,"f:7:24:7:44":0,"s:8:24:8:Infinity":1,"s:9:25:9:Infinity":2,"s:11:0:19:Infinity":3,"f:11:10:11:14":1,"s:12:17:12:Infinity":4,"b:13:4:17:Infinity:15:9:17:Infinity":0,"s:13:4:17:Infinity":5,"s:14:8:14:Infinity":6,"s:16:8:16:Infinity":7,"s:18:4:18:Infinity":8,"s:21:2:24:Infinity":9},"fnNames":{}}}
,"/root/.local/share/opencode/worktree/922233a32dab9ee1e3eb2b8edb97450533f05808/tests/src/context/index.jsx": {"path":"/root/.local/share/opencode/worktree/922233a32dab9ee1e3eb2b8edb97450533f05808/tests/src/context/index.jsx","statementMap":{"0":{"start":{"line":8,"column":4},"end":{"line":13,"column":null}}},"fnMap":{"0":{"name":"CombinedContextProvider","decl":{"start":{"line":7,"column":24},"end":{"line":7,"column":48}},"loc":{"start":{"line":7,"column":55},"end":{"line":15,"column":null}},"line":7}},"branchMap":{},"s":{"0":1},"f":{"0":1},"b":{},"meta":{"lastBranch":0,"lastFunction":1,"lastStatement":1,"seen":{"f:7:24:7:48":0,"s:8:4:13:Infinity":0},"fnNames":{}}}
,"/root/.local/share/opencode/worktree/922233a32dab9ee1e3eb2b8edb97450533f05808/tests/src/hooks/useGenres.js": {"path":"/root/.local/share/opencode/worktree/922233a32dab9ee1e3eb2b8edb97450533f05808/tests/src/hooks/useGenres.js","statementMap":{"0":{"start":{"line":9,"column":29},"end":{"line":9,"column":42}},"1":{"start":{"line":10,"column":31},"end":{"line":10,"column":46}},"2":{"start":{"line":11,"column":27},"end":{"line":11,"column":42}},"3":{"start":{"line":13,"column":1},"end":{"line":19,"column":null}},"4":{"start":{"line":14,"column":4},"end":{"line":14,"column":null}},"5":{"start":{"line":15,"column":3},"end":{"line":18,"column":null}},"6":{"start":{"line":18,"column":21},"end":{"line":18,"column":38}},"7":{"start":{"line":21,"column":2},"end":{"line":21,"column":null}}},"fnMap":{"0":{"name":"useGenres","decl":{"start":{"line":8,"column":16},"end":{"line":8,"column":25}},"loc":{"start":{"line":8,"column":28},"end":{"line":22,"column":null}},"line":8},"1":{"name":"(anonymous_1)","decl":{"start":{"line":13,"column":12},"end":{"line":13,"column":13}},"loc":{"start":{"line":13,"column":18},"end":{"line":19,"column":3}},"line":13},"2":{"name":"(anonymous_2)","decl":{"start":{"line":18,"column":15},"end":{"line":18,"column":16}},"loc":{"start":{"line":18,"column":21},"end":{"line":18,"column":38}},"line":18}},"branchMap":{},"s":{"0":27,"1":27,"2":27,"3":27,"4":17,"5":17,"6":2,"7":27},"f":{"0":27,"1":17,"2":2},"b":{},"meta":{"lastBranch":0,"lastFunction":3,"lastStatement":8,"seen":{"f:8:16:8:25":0,"s:9:29:9:42":0,"s:10:31:10:46":1,"s:11:27:11:42":2,"s:13:1:19:Infinity":3,"f:13:12:13:13":1,"s:14:4:14:Infinity":4,"s:15:3:18:Infinity":5,"f:18:15:18:16":2,"s:18:21:18:38":6,"s:21:2:21:Infinity":7},"fnNames":{}}}
,"/root/.local/share/opencode/worktree/922233a32dab9ee1e3eb2b8edb97450533f05808/tests/src/hooks/useMovieDetails.js": {"path":"/root/.local/share/opencode/worktree/922233a32dab9ee1e3eb2b8edb97450533f05808/tests/src/hooks/useMovieDetails.js","statementMap":{"0":{"start":{"line":10,"column":27},"end":{"line":10,"column":42}},"1":{"start":{"line":11,"column":31},"end":{"line":11,"column":46}},"2":{"start":{"line":12,"column":27},"end":{"line":12,"column":42}},"3":{"start":{"line":14,"column":1},"end":{"line":21,"column":null}},"4":{"start":{"line":15,"column":4},"end":{"line":15,"column":null}},"5":{"start":{"line":15,"column":13},"end":{"line":15,"column":null}},"6":{"start":{"line":16,"column":4},"end":{"line":16,"column":null}},"7":{"start":{"line":17,"column":3},"end":{"line":20,"column":null}},"8":{"start":{"line":20,"column":21},"end":{"line":20,"column":38}},"9":{"start":{"line":23,"column":2},"end":{"line":23,"column":null}}},"fnMap":{"0":{"name":"useMovieDetails","decl":{"start":{"line":9,"column":16},"end":{"line":9,"column":31}},"loc":{"start":{"line":9,"column":36},"end":{"line":24,"column":null}},"line":9},"1":{"name":"(anonymous_1)","decl":{"start":{"line":14,"column":12},"end":{"line":14,"column":13}},"loc":{"start":{"line":14,"column":18},"end":{"line":21,"column":3}},"line":14},"2":{"name":"(anonymous_2)","decl":{"start":{"line":20,"column":15},"end":{"line":20,"column":16}},"loc":{"start":{"line":20,"column":21},"end":{"line":20,"column":38}},"line":20}},"branchMap":{"0":{"loc":{"start":{"line":15,"column":4},"end":{"line":15,"column":null}},"type":"if","locations":[{"start":{"line":15,"column":4},"end":{"line":15,"column":null}},{"start":{},"end":{}}],"line":15}},"s":{"0":3,"1":3,"2":3,"3":3,"4":2,"5":1,"6":1,"7":1,"8":1,"9":3},"f":{"0":3,"1":2,"2":1},"b":{"0":[1,1]},"meta":{"lastBranch":1,"lastFunction":3,"lastStatement":10,"seen":{"f:9:16:9:31":0,"s:10:27:10:42":0,"s:11:31:11:46":1,"s:12:27:12:42":2,"s:14:1:21:Infinity":3,"f:14:12:14:13":1,"b:15:4:15:Infinity:undefined:undefined:undefined:undefined":0,"s:15:4:15:Infinity":4,"s:15:13:15:Infinity":5,"s:16:4:16:Infinity":6,"s:17:3:20:Infinity":7,"f:20:15:20:16":2,"s:20:21:20:38":8,"s:23:2:23:Infinity":9},"fnNames":{}}}
,"/root/.local/share/opencode/worktree/922233a32dab9ee1e3eb2b8edb97450533f05808/tests/src/hooks/useMovieReviews.js": {"path":"/root/.local/share/opencode/worktree/922233a32dab9ee1e3eb2b8edb97450533f05808/tests/src/hooks/useMovieReviews.js","statementMap":{"0":{"start":{"line":10,"column":31},"end":{"line":10,"column":44}},"1":{"start":{"line":11,"column":41},"end":{"line":11,"column":53}},"2":{"start":{"line":12,"column":31},"end":{"line":12,"column":46}},"3":{"start":{"line":13,"column":27},"end":{"line":13,"column":42}},"4":{"start":{"line":15,"column":1},"end":{"line":25,"column":null}},"5":{"start":{"line":16,"column":4},"end":{"line":16,"column":null}},"6":{"start":{"line":16,"column":13},"end":{"line":16,"column":null}},"7":{"start":{"line":17,"column":4},"end":{"line":17,"column":null}},"8":{"start":{"line":18,"column":3},"end":{"line":24,"column":null}},"9":{"start":{"line":20,"column":8},"end":{"line":20,"column":null}},"10":{"start":{"line":21,"column":8},"end":{"line":21,"column":null}},"11":{"start":{"line":24,"column":21},"end":{"line":24,"column":38}},"12":{"start":{"line":27,"column":2},"end":{"line":27,"column":null}}},"fnMap":{"0":{"name":"useMovieReviews","decl":{"start":{"line":9,"column":16},"end":{"line":9,"column":31}},"loc":{"start":{"line":9,"column":36},"end":{"line":28,"column":null}},"line":9},"1":{"name":"(anonymous_1)","decl":{"start":{"line":15,"column":12},"end":{"line":15,"column":13}},"loc":{"start":{"line":15,"column":18},"end":{"line":25,"column":3}},"line":15},"2":{"name":"(anonymous_2)","decl":{"start":{"line":19,"column":12},"end":{"line":19,"column":16}},"loc":{"start":{"line":19,"column":20},"end":{"line":22,"column":7}},"line":19},"3":{"name":"(anonymous_3)","decl":{"start":{"line":24,"column":15},"end":{"line":24,"column":16}},"loc":{"start":{"line":24,"column":21},"end":{"line":24,"column":38}},"line":24}},"branchMap":{"0":{"loc":{"start":{"line":16,"column":4},"end":{"line":16,"column":null}},"type":"if","locations":[{"start":{"line":16,"column":4},"end":{"line":16,"column":null}},{"start":{},"end":{}}],"line":16}},"s":{"0":5,"1":5,"2":5,"3":5,"4":5,"5":3,"6":1,"7":2,"8":2,"9":1,"10":1,"11":2,"12":5},"f":{"0":5,"1":3,"2":1,"3":2},"b":{"0":[1,2]},"meta":{"lastBranch":1,"lastFunction":4,"lastStatement":13,"seen":{"f:9:16:9:31":0,"s:10:31:10:44":0,"s:11:41:11:53":1,"s:12:31:12:46":2,"s:13:27:13:42":3,"s:15:1:25:Infinity":4,"f:15:12:15:13":1,"b:16:4:16:Infinity:undefined:undefined:undefined:undefined":0,"s:16:4:16:Infinity":5,"s:16:13:16:Infinity":6,"s:17:4:17:Infinity":7,"s:18:3:24:Infinity":8,"f:19:12:19:16":2,"s:20:8:20:Infinity":9,"s:21:8:21:Infinity":10,"f:24:15:24:16":3,"s:24:21:24:38":11,"s:27:2:27:Infinity":12},"fnNames":{}}}
,"/root/.local/share/opencode/worktree/922233a32dab9ee1e3eb2b8edb97450533f05808/tests/src/hooks/useMovieTrailer.js": {"path":"/root/.local/share/opencode/worktree/922233a32dab9ee1e3eb2b8edb97450533f05808/tests/src/hooks/useMovieTrailer.js","statementMap":{"0":{"start":{"line":10,"column":37},"end":{"line":10,"column":52}},"1":{"start":{"line":11,"column":31},"end":{"line":11,"column":46}},"2":{"start":{"line":12,"column":27},"end":{"line":12,"column":42}},"3":{"start":{"line":14,"column":1},"end":{"line":21,"column":null}},"4":{"start":{"line":15,"column":4},"end":{"line":15,"column":null}},"5":{"start":{"line":15,"column":13},"end":{"line":15,"column":null}},"6":{"start":{"line":16,"column":4},"end":{"line":16,"column":null}},"7":{"start":{"line":17,"column":3},"end":{"line":20,"column":null}},"8":{"start":{"line":20,"column":21},"end":{"line":20,"column":38}},"9":{"start":{"line":23,"column":2},"end":{"line":23,"column":null}}},"fnMap":{"0":{"name":"useMovieTrailer","decl":{"start":{"line":9,"column":16},"end":{"line":9,"column":31}},"loc":{"start":{"line":9,"column":36},"end":{"line":24,"column":null}},"line":9},"1":{"name":"(anonymous_1)","decl":{"start":{"line":14,"column":12},"end":{"line":14,"column":13}},"loc":{"start":{"line":14,"column":18},"end":{"line":21,"column":3}},"line":14},"2":{"name":"(anonymous_2)","decl":{"start":{"line":20,"column":15},"end":{"line":20,"column":16}},"loc":{"start":{"line":20,"column":21},"end":{"line":20,"column":38}},"line":20}},"branchMap":{"0":{"loc":{"start":{"line":15,"column":4},"end":{"line":15,"column":null}},"type":"if","locations":[{"start":{"line":15,"column":4},"end":{"line":15,"column":null}},{"start":{},"end":{}}],"line":15}},"s":{"0":6,"1":6,"2":6,"3":6,"4":3,"5":1,"6":2,"7":2,"8":2,"9":6},"f":{"0":6,"1":3,"2":2},"b":{"0":[1,2]},"meta":{"lastBranch":1,"lastFunction":3,"lastStatement":10,"seen":{"f:9:16:9:31":0,"s:10:37:10:52":0,"s:11:31:11:46":1,"s:12:27:12:42":2,"s:14:1:21:Infinity":3,"f:14:12:14:13":1,"b:15:4:15:Infinity:undefined:undefined:undefined:undefined":0,"s:15:4:15:Infinity":4,"s:15:13:15:Infinity":5,"s:16:4:16:Infinity":6,"s:17:3:20:Infinity":7,"f:20:15:20:16":2,"s:20:21:20:38":8,"s:23:2:23:Infinity":9},"fnNames":{}}}
,"/root/.local/share/opencode/worktree/922233a32dab9ee1e3eb2b8edb97450533f05808/tests/src/hooks/usePopularMovies.js": {"path":"/root/.local/share/opencode/worktree/922233a32dab9ee1e3eb2b8edb97450533f05808/tests/src/hooks/usePopularMovies.js","statementMap":{"0":{"start":{"line":10,"column":29},"end":{"line":10,"column":42}},"1":{"start":{"line":11,"column":31},"end":{"line":11,"column":46}},"2":{"start":{"line":12,"column":27},"end":{"line":12,"column":42}},"3":{"start":{"line":14,"column":1},"end":{"line":20,"column":null}},"4":{"start":{"line":15,"column":4},"end":{"line":15,"column":null}},"5":{"start":{"line":16,"column":3},"end":{"line":19,"column":null}},"6":{"start":{"line":19,"column":21},"end":{"line":19,"column":38}},"7":{"start":{"line":22,"column":2},"end":{"line":22,"column":null}}},"fnMap":{"0":{"name":"usePopularMovies","decl":{"start":{"line":9,"column":16},"end":{"line":9,"column":32}},"loc":{"start":{"line":9,"column":43},"end":{"line":23,"column":null}},"line":9},"1":{"name":"(anonymous_1)","decl":{"start":{"line":14,"column":12},"end":{"line":14,"column":13}},"loc":{"start":{"line":14,"column":18},"end":{"line":20,"column":3}},"line":14},"2":{"name":"(anonymous_2)","decl":{"start":{"line":19,"column":15},"end":{"line":19,"column":16}},"loc":{"start":{"line":19,"column":21},"end":{"line":19,"column":38}},"line":19}},"branchMap":{"0":{"loc":{"start":{"line":9,"column":33},"end":{"line":9,"column":41}},"type":"default-arg","locations":[{"start":{"line":9,"column":40},"end":{"line":9,"column":41}}],"line":9}},"s":{"0":6,"1":6,"2":6,"3":6,"4":3,"5":3,"6":3,"7":6},"f":{"0":6,"1":3,"2":3},"b":{"0":[6]},"meta":{"lastBranch":1,"lastFunction":3,"lastStatement":8,"seen":{"f:9:16:9:32":0,"b:9:40:9:41":0,"s:10:29:10:42":0,"s:11:31:11:46":1,"s:12:27:12:42":2,"s:14:1:20:Infinity":3,"f:14:12:14:13":1,"s:15:4:15:Infinity":4,"s:16:3:19:Infinity":5,"f:19:15:19:16":2,"s:19:21:19:38":6,"s:22:2:22:Infinity":7},"fnNames":{}}}
,"/root/.local/share/opencode/worktree/922233a32dab9ee1e3eb2b8edb97450533f05808/tests/src/hooks/useSearch.js": {"path":"/root/.local/share/opencode/worktree/922233a32dab9ee1e3eb2b8edb97450533f05808/tests/src/hooks/useSearch.js","statementMap":{"0":{"start":{"line":11,"column":31},"end":{"line":11,"column":44}},"1":{"start":{"line":12,"column":31},"end":{"line":12,"column":47}},"2":{"start":{"line":14,"column":1},"end":{"line":25,"column":null}},"3":{"start":{"line":15,"column":4},"end":{"line":15,"column":null}},"4":{"start":{"line":15,"column":25},"end":{"line":15,"column":40}},"5":{"start":{"line":15,"column":41},"end":{"line":15,"column":48}},"6":{"start":{"line":16,"column":4},"end":{"line":16,"column":null}},"7":{"start":{"line":17,"column":18},"end":{"line":23,"column":5}},"8":{"start":{"line":18,"column":5},"end":{"line":21,"column":41}},"9":{"start":{"line":20,"column":21},"end":{"line":20,"column":35}},"10":{"start":{"line":21,"column":23},"end":{"line":21,"column":40}},"11":{"start":{"line":24,"column":4},"end":{"line":24,"column":null}},"12":{"start":{"line":24,"column":17},"end":{"line":24,"column":36}},"13":{"start":{"line":27,"column":2},"end":{"line":27,"column":null}}},"fnMap":{"0":{"name":"useSearch","decl":{"start":{"line":10,"column":16},"end":{"line":10,"column":25}},"loc":{"start":{"line":10,"column":46},"end":{"line":28,"column":null}},"line":10},"1":{"name":"(anonymous_1)","decl":{"start":{"line":14,"column":12},"end":{"line":14,"column":13}},"loc":{"start":{"line":14,"column":18},"end":{"line":25,"column":3}},"line":14},"2":{"name":"(anonymous_2)","decl":{"start":{"line":17,"column":29},"end":{"line":17,"column":30}},"loc":{"start":{"line":18,"column":5},"end":{"line":21,"column":41}},"line":18},"3":{"name":"(anonymous_3)","decl":{"start":{"line":20,"column":15},"end":{"line":20,"column":16}},"loc":{"start":{"line":20,"column":21},"end":{"line":20,"column":35}},"line":20},"4":{"name":"(anonymous_4)","decl":{"start":{"line":21,"column":17},"end":{"line":21,"column":18}},"loc":{"start":{"line":21,"column":23},"end":{"line":21,"column":40}},"line":21},"5":{"name":"(anonymous_5)","decl":{"start":{"line":24,"column":11},"end":{"line":24,"column":12}},"loc":{"start":{"line":24,"column":17},"end":{"line":24,"column":36}},"line":24}},"branchMap":{"0":{"loc":{"start":{"line":10,"column":33},"end":{"line":10,"column":44}},"type":"default-arg","locations":[{"start":{"line":10,"column":41},"end":{"line":10,"column":44}}],"line":10},"1":{"loc":{"start":{"line":15,"column":4},"end":{"line":15,"column":null}},"type":"if","locations":[{"start":{"line":15,"column":4},"end":{"line":15,"column":null}},{"start":{},"end":{}}],"line":15}},"s":{"0":12,"1":12,"2":12,"3":5,"4":3,"5":3,"6":2,"7":2,"8":2,"9":1,"10":2,"11":2,"12":2,"13":12},"f":{"0":12,"1":5,"2":2,"3":1,"4":2,"5":2},"b":{"0":[12],"1":[3,2]},"meta":{"lastBranch":2,"lastFunction":6,"lastStatement":14,"seen":{"f:10:16:10:25":0,"b:10:41:10:44":0,"s:11:31:11:44":0,"s:12:31:12:47":1,"s:14:1:25:Infinity":2,"f:14:12:14:13":1,"b:15:4:15:Infinity:undefined:undefined:undefined:undefined":1,"s:15:4:15:Infinity":3,"s:15:25:15:40":4,"s:15:41:15:48":5,"s:16:4:16:Infinity":6,"s:17:18:23:5":7,"f:17:29:17:30":2,"s:18:5:21:41":8,"f:20:15:20:16":3,"s:20:21:20:35":9,"f:21:17:21:18":4,"s:21:23:21:40":10,"s:24:4:24:Infinity":11,"f:24:11:24:12":5,"s:24:17:24:36":12,"s:27:2:27:Infinity":13},"fnNames":{}}}
,"/root/.local/share/opencode/worktree/922233a32dab9ee1e3eb2b8edb97450533f05808/tests/src/hooks/useTopRatedMovies.js": {"path":"/root/.local/share/opencode/worktree/922233a32dab9ee1e3eb2b8edb97450533f05808/tests/src/hooks/useTopRatedMovies.js","statementMap":{"0":{"start":{"line":9,"column":29},"end":{"line":9,"column":42}},"1":{"start":{"line":10,"column":31},"end":{"line":10,"column":46}},"2":{"start":{"line":11,"column":27},"end":{"line":11,"column":42}},"3":{"start":{"line":13,"column":1},"end":{"line":19,"column":null}},"4":{"start":{"line":14,"column":4},"end":{"line":14,"column":null}},"5":{"start":{"line":15,"column":3},"end":{"line":18,"column":null}},"6":{"start":{"line":18,"column":21},"end":{"line":18,"column":38}},"7":{"start":{"line":21,"column":2},"end":{"line":21,"column":null}}},"fnMap":{"0":{"name":"useTopRatedMovies","decl":{"start":{"line":8,"column":16},"end":{"line":8,"column":33}},"loc":{"start":{"line":8,"column":36},"end":{"line":22,"column":null}},"line":8},"1":{"name":"(anonymous_1)","decl":{"start":{"line":13,"column":12},"end":{"line":13,"column":13}},"loc":{"start":{"line":13,"column":18},"end":{"line":19,"column":3}},"line":13},"2":{"name":"(anonymous_2)","decl":{"start":{"line":18,"column":15},"end":{"line":18,"column":16}},"loc":{"start":{"line":18,"column":21},"end":{"line":18,"column":38}},"line":18}},"branchMap":{},"s":{"0":4,"1":4,"2":4,"3":4,"4":2,"5":2,"6":2,"7":4},"f":{"0":4,"1":2,"2":2},"b":{},"meta":{"lastBranch":0,"lastFunction":3,"lastStatement":8,"seen":{"f:8:16:8:33":0,"s:9:29:9:42":0,"s:10:31:10:46":1,"s:11:27:11:42":2,"s:13:1:19:Infinity":3,"f:13:12:13:13":1,"s:14:4:14:Infinity":4,"s:15:3:18:Infinity":5,"f:18:15:18:16":2,"s:18:21:18:38":6,"s:21:2:21:Infinity":7},"fnNames":{}}}
,"/root/.local/share/opencode/worktree/922233a32dab9ee1e3eb2b8edb97450533f05808/tests/src/hooks/useUpcomingMovies.js": {"path":"/root/.local/share/opencode/worktree/922233a32dab9ee1e3eb2b8edb97450533f05808/tests/src/hooks/useUpcomingMovies.js","statementMap":{"0":{"start":{"line":9,"column":29},"end":{"line":9,"column":42}},"1":{"start":{"line":10,"column":31},"end":{"line":10,"column":46}},"2":{"start":{"line":11,"column":27},"end":{"line":11,"column":42}},"3":{"start":{"line":13,"column":1},"end":{"line":19,"column":null}},"4":{"start":{"line":14,"column":4},"end":{"line":14,"column":null}},"5":{"start":{"line":15,"column":3},"end":{"line":18,"column":null}},"6":{"start":{"line":18,"column":21},"end":{"line":18,"column":38}},"7":{"start":{"line":21,"column":2},"end":{"line":21,"column":null}}},"fnMap":{"0":{"name":"useUpcomingMovies","decl":{"start":{"line":8,"column":16},"end":{"line":8,"column":33}},"loc":{"start":{"line":8,"column":36},"end":{"line":22,"column":null}},"line":8},"1":{"name":"(anonymous_1)","decl":{"start":{"line":13,"column":12},"end":{"line":13,"column":13}},"loc":{"start":{"line":13,"column":18},"end":{"line":19,"column":3}},"line":13},"2":{"name":"(anonymous_2)","decl":{"start":{"line":18,"column":15},"end":{"line":18,"column":16}},"loc":{"start":{"line":18,"column":21},"end":{"line":18,"column":38}},"line":18}},"branchMap":{},"s":{"0":13,"1":13,"2":13,"3":13,"4":8,"5":8,"6":2,"7":13},"f":{"0":13,"1":8,"2":2},"b":{},"meta":{"lastBranch":0,"lastFunction":3,"lastStatement":8,"seen":{"f:8:16:8:33":0,"s:9:29:9:42":0,"s:10:31:10:46":1,"s:11:27:11:42":2,"s:13:1:19:Infinity":3,"f:13:12:13:13":1,"s:14:4:14:Infinity":4,"s:15:3:18:Infinity":5,"f:18:15:18:16":2,"s:18:21:18:38":6,"s:21:2:21:Infinity":7},"fnNames":{}}}
,"/root/.local/share/opencode/worktree/922233a32dab9ee1e3eb2b8edb97450533f05808/tests/src/lib/tmdb.js": {"path":"/root/.local/share/opencode/worktree/922233a32dab9ee1e3eb2b8edb97450533f05808/tests/src/lib/tmdb.js","statementMap":{"0":{"start":{"line":9,"column":17},"end":{"line":9,"column":85}},"1":{"start":{"line":10,"column":16},"end":{"line":10,"column":49}},"2":{"start":{"line":12,"column":15},"end":{"line":12,"column":50}},"3":{"start":{"line":19,"column":32},"end":{"line":20,"column":96}},"4":{"start":{"line":20,"column":2},"end":{"line":20,"column":96}},"5":{"start":{"line":20,"column":81},"end":{"line":20,"column":95}},"6":{"start":{"line":26,"column":33},"end":{"line":27,"column":122}},"7":{"start":{"line":27,"column":2},"end":{"line":27,"column":122}},"8":{"start":{"line":27,"column":86},"end":{"line":27,"column":121}},"9":{"start":{"line":33,"column":33},"end":{"line":34,"column":91}},"10":{"start":{"line":34,"column":2},"end":{"line":34,"column":91}},"11":{"start":{"line":34,"column":76},"end":{"line":34,"column":90}},"12":{"start":{"line":41,"column":31},"end":{"line":42,"column":80}},"13":{"start":{"line":42,"column":2},"end":{"line":42,"column":80}},"14":{"start":{"line":42,"column":73},"end":{"line":42,"column":79}},"15":{"start":{"line":49,"column":31},"end":{"line":51,"column":99}},"16":{"start":{"line":50,"column":2},"end":{"line":51,"column":99}},"17":{"start":{"line":51,"column":15},"end":{"line":51,"column":98}},"18":{"start":{"line":51,"column":40},"end":{"line":51,"column":84}},"19":{"start":{"line":58,"column":31},"end":{"line":59,"column":88}},"20":{"start":{"line":59,"column":2},"end":{"line":59,"column":88}},"21":{"start":{"line":59,"column":81},"end":{"line":59,"column":87}},"22":{"start":{"line":65,"column":25},"end":{"line":66,"column":92}},"23":{"start":{"line":66,"column":2},"end":{"line":66,"column":92}},"24":{"start":{"line":66,"column":78},"end":{"line":66,"column":91}},"25":{"start":{"line":73,"column":28},"end":{"line":74,"column":96}},"26":{"start":{"line":74,"column":2},"end":{"line":74,"column":96}},"27":{"start":{"line":74,"column":81},"end":{"line":74,"column":95}}},"fnMap":{"0":{"name":"(anonymous_0)","decl":{"start":{"line":19,"column":32},"end":{"line":19,"column":33}},"loc":{"start":{"line":20,"column":2},"end":{"line":20,"column":96}},"line":20},"1":{"name":"(anonymous_1)","decl":{"start":{"line":20,"column":76},"end":{"line":20,"column":77}},"loc":{"start":{"line":20,"column":81},"end":{"line":20,"column":95}},"line":20},"2":{"name":"(anonymous_2)","decl":{"start":{"line":26,"column":33},"end":{"line":26,"column":34}},"loc":{"start":{"line":27,"column":2},"end":{"line":27,"column":122}},"line":27},"3":{"name":"(anonymous_3)","decl":{"start":{"line":27,"column":81},"end":{"line":27,"column":82}},"loc":{"start":{"line":27,"column":86},"end":{"line":27,"column":121}},"line":27},"4":{"name":"(anonymous_4)","decl":{"start":{"line":33,"column":33},"end":{"line":33,"column":34}},"loc":{"start":{"line":34,"column":2},"end":{"line":34,"column":91}},"line":34},"5":{"name":"(anonymous_5)","decl":{"start":{"line":34,"column":71},"end":{"line":34,"column":72}},"loc":{"start":{"line":34,"column":76},"end":{"line":34,"column":90}},"line":34},"6":{"name":"(anonymous_6)","decl":{"start":{"line":41,"column":31},"end":{"line":41,"column":32}},"loc":{"start":{"line":42,"column":2},"end":{"line":42,"column":80}},"line":42},"7":{"name":"(anonymous_7)","decl":{"start":{"line":42,"column":68},"end":{"line":42,"column":69}},"loc":{"start":{"line":42,"column":73},"end":{"line":42,"column":79}},"line":42},"8":{"name":"(anonymous_8)","decl":{"start":{"line":49,"column":31},"end":{"line":49,"column":32}},"loc":{"start":{"line":50,"column":2},"end":{"line":51,"column":99}},"line":50},"9":{"name":"(anonymous_9)","decl":{"start":{"line":51,"column":10},"end":{"line":51,"column":11}},"loc":{"start":{"line":51,"column":15},"end":{"line":51,"column":98}},"line":51},"10":{"name":"(anonymous_10)","decl":{"start":{"line":51,"column":35},"end":{"line":51,"column":36}},"loc":{"start":{"line":51,"column":40},"end":{"line":51,"column":84}},"line":51},"11":{"name":"(anonymous_11)","decl":{"start":{"line":58,"column":31},"end":{"line":58,"column":32}},"loc":{"start":{"line":59,"column":2},"end":{"line":59,"column":88}},"line":59},"12":{"name":"(anonymous_12)","decl":{"start":{"line":59,"column":76},"end":{"line":59,"column":77}},"loc":{"start":{"line":59,"column":81},"end":{"line":59,"column":87}},"line":59},"13":{"name":"(anonymous_13)","decl":{"start":{"line":65,"column":25},"end":{"line":65,"column":26}},"loc":{"start":{"line":66,"column":2},"end":{"line":66,"column":92}},"line":66},"14":{"name":"(anonymous_14)","decl":{"start":{"line":66,"column":73},"end":{"line":66,"column":74}},"loc":{"start":{"line":66,"column":78},"end":{"line":66,"column":91}},"line":66},"15":{"name":"(anonymous_15)","decl":{"start":{"line":73,"column":28},"end":{"line":73,"column":29}},"loc":{"start":{"line":74,"column":2},"end":{"line":74,"column":96}},"line":74},"16":{"name":"(anonymous_16)","decl":{"start":{"line":74,"column":76},"end":{"line":74,"column":77}},"loc":{"start":{"line":74,"column":81},"end":{"line":74,"column":95}},"line":74}},"branchMap":{"0":{"loc":{"start":{"line":9,"column":17},"end":{"line":9,"column":85}},"type":"binary-expr","locations":[{"start":{"line":9,"column":17},"end":{"line":9,"column":51}},{"start":{"line":9,"column":55},"end":{"line":9,"column":85}}],"line":9},"1":{"loc":{"start":{"line":19,"column":33},"end":{"line":19,"column":41}},"type":"default-arg","locations":[{"start":{"line":19,"column":40},"end":{"line":19,"column":41}}],"line":19},"2":{"loc":{"start":{"line":27,"column":87},"end":{"line":27,"column":107}},"type":"binary-expr","locations":[{"start":{"line":27,"column":87},"end":{"line":27,"column":101}},{"start":{"line":27,"column":105},"end":{"line":27,"column":107}}],"line":27},"3":{"loc":{"start":{"line":51,"column":15},"end":{"line":51,"column":98}},"type":"binary-expr","locations":[{"start":{"line":51,"column":15},"end":{"line":51,"column":90}},{"start":{"line":51,"column":94},"end":{"line":51,"column":98}}],"line":51},"4":{"loc":{"start":{"line":51,"column":40},"end":{"line":51,"column":84}},"type":"binary-expr","locations":[{"start":{"line":51,"column":40},"end":{"line":51,"column":60}},{"start":{"line":51,"column":64},"end":{"line":51,"column":84}}],"line":51}},"s":{"0":3,"1":3,"2":3,"3":3,"4":2,"5":2,"6":3,"7":2,"8":2,"9":3,"10":7,"11":1,"12":3,"13":1,"14":1,"15":3,"16":2,"17":2,"18":5,"19":3,"20":1,"21":1,"22":3,"23":16,"24":1,"25":3,"26":1,"27":1},"f":{"0":2,"1":2,"2":2,"3":2,"4":7,"5":1,"6":1,"7":1,"8":2,"9":2,"10":5,"11":1,"12":1,"13":16,"14":1,"15":1,"16":1},"b":{"0":[3,3],"1":[2],"2":[2,1],"3":[2,1],"4":[5,3]},"meta":{"lastBranch":5,"lastFunction":17,"lastStatement":28,"seen":{"s:9:17:9:85":0,"b:9:17:9:51:9:55:9:85":0,"s:10:16:10:49":1,"s:12:15:12:50":2,"s:19:32:20:96":3,"f:19:32:19:33":0,"s:20:2:20:96":4,"b:19:40:19:41":1,"f:20:76:20:77":1,"s:20:81:20:95":5,"s:26:33:27:122":6,"f:26:33:26:34":2,"s:27:2:27:122":7,"f:27:81:27:82":3,"s:27:86:27:121":8,"b:27:87:27:101:27:105:27:107":2,"s:33:33:34:91":9,"f:33:33:33:34":4,"s:34:2:34:91":10,"f:34:71:34:72":5,"s:34:76:34:90":11,"s:41:31:42:80":12,"f:41:31:41:32":6,"s:42:2:42:80":13,"f:42:68:42:69":7,"s:42:73:42:79":14,"s:49:31:51:99":15,"f:49:31:49:32":8,"s:50:2:51:99":16,"f:51:10:51:11":9,"s:51:15:51:98":17,"b:51:15:51:90:51:94:51:98":3,"f:51:35:51:36":10,"s:51:40:51:84":18,"b:51:40:51:60:51:64:51:84":4,"s:58:31:59:88":19,"f:58:31:58:32":11,"s:59:2:59:88":20,"f:59:76:59:77":12,"s:59:81:59:87":21,"s:65:25:66:92":22,"f:65:25:65:26":13,"s:66:2:66:92":23,"f:66:73:66:74":14,"s:66:78:66:91":24,"s:73:28:74:96":25,"f:73:28:73:29":15,"s:74:2:74:96":26,"f:74:76:74:77":16,"s:74:81:74:95":27},"fnNames":{}}}
,"/root/.local/share/opencode/worktree/922233a32dab9ee1e3eb2b8edb97450533f05808/tests/src/pages/HomePage/HomePage.jsx": {"path":"/root/.local/share/opencode/worktree/922233a32dab9ee1e3eb2b8edb97450533f05808/tests/src/pages/HomePage/HomePage.jsx","statementMap":{"0":{"start":{"line":14,"column":21},"end":{"line":14,"column":null}},"1":{"start":{"line":15,"column":24},"end":{"line":15,"column":null}},"2":{"start":{"line":16,"column":34},"end":{"line":16,"column":null}},"3":{"start":{"line":17,"column":35},"end":{"line":17,"column":null}},"4":{"start":{"line":18,"column":24},"end":{"line":18,"column":null}},"5":{"start":{"line":20,"column":23},"end":{"line":23,"column":null}},"6":{"start":{"line":21,"column":8},"end":{"line":21,"column":null}},"7":{"start":{"line":22,"column":8},"end":{"line":22,"column":null}},"8":{"start":{"line":25,"column":4},"end":{"line":59,"column":null}},"9":{"start":{"line":33,"column":28},"end":{"line":34,"column":null}},"10":{"start":{"line":40,"column":28},"end":{"line":44,"column":null}},"11":{"start":{"line":42,"column":47},"end":{"line":42,"column":null}},"12":{"start":{"line":53,"column":28},"end":{"line":54,"column":null}}},"fnMap":{"0":{"name":"HomePage","decl":{"start":{"line":13,"column":9},"end":{"line":13,"column":20}},"loc":{"start":{"line":13,"column":20},"end":{"line":61,"column":null}},"line":13},"1":{"name":"(anonymous_1)","decl":{"start":{"line":20,"column":23},"end":{"line":20,"column":24}},"loc":{"start":{"line":20,"column":33},"end":{"line":23,"column":null}},"line":20},"2":{"name":"(anonymous_2)","decl":{"start":{"line":32,"column":44},"end":{"line":32,"column":53}},"loc":{"start":{"line":32,"column":53},"end":{"line":35,"column":25}},"line":32},"3":{"name":"(anonymous_3)","decl":{"start":{"line":39,"column":41},"end":{"line":39,"column":42}},"loc":{"start":{"line":40,"column":28},"end":{"line":44,"column":null}},"line":40},"4":{"name":"(anonymous_4)","decl":{"start":{"line":42,"column":41},"end":{"line":42,"column":47}},"loc":{"start":{"line":42,"column":47},"end":{"line":42,"column":null}},"line":42},"5":{"name":"(anonymous_5)","decl":{"start":{"line":52,"column":45},"end":{"line":52,"column":54}},"loc":{"start":{"line":52,"column":54},"end":{"line":55,"column":25}},"line":52}},"branchMap":{"0":{"loc":{"start":{"line":26,"column":24},"end":{"line":26,"column":null}},"type":"cond-expr","locations":[{"start":{"line":26,"column":35},"end":{"line":26,"column":58}},{"start":{"line":26,"column":58},"end":{"line":26,"column":null}}],"line":26},"1":{"loc":{"start":{"line":37,"column":57},"end":{"line":37,"column":null}},"type":"cond-expr","locations":[{"start":{"line":37,"column":68},"end":{"line":37,"column":89}},{"start":{"line":37,"column":89},"end":{"line":37,"column":null}}],"line":37},"2":{"loc":{"start":{"line":40,"column":42},"end":{"line":40,"column":null}},"type":"cond-expr","locations":[{"start":{"line":40,"column":58},"end":{"line":40,"column":75}},{"start":{"line":40,"column":75},"end":{"line":40,"column":null}}],"line":40}},"s":{"0":8,"1":8,"2":8,"3":8,"4":8,"5":8,"6":1,"7":1,"8":8,"9":16,"10":80,"11":1,"12":8},"f":{"0":8,"1":1,"2":16,"3":80,"4":1,"5":8},"b":{"0":[7,1],"1":[7,1],"2":[8,72]},"meta":{"lastBranch":3,"lastFunction":6,"lastStatement":13,"seen":{"f:13:9:13:20":0,"s:14:21:14:Infinity":0,"s:15:24:15:Infinity":1,"s:16:34:16:Infinity":2,"s:17:35:17:Infinity":3,"s:18:24:18:Infinity":4,"s:20:23:23:Infinity":5,"f:20:23:20:24":1,"s:21:8:21:Infinity":6,"s:22:8:22:Infinity":7,"s:25:4:59:Infinity":8,"b:26:35:26:58:26:58:26:Infinity":0,"f:32:44:32:53":2,"s:33:28:34:Infinity":9,"b:37:68:37:89:37:89:37:Infinity":1,"f:39:41:39:42":3,"s:40:28:44:Infinity":10,"b:40:58:40:75:40:75:40:Infinity":2,"f:42:41:42:47":4,"s:42:47:42:Infinity":11,"f:52:45:52:54":5,"s:53:28:54:Infinity":12},"fnNames":{}}}
,"/root/.local/share/opencode/worktree/922233a32dab9ee1e3eb2b8edb97450533f05808/tests/src/pages/MovieDetails/MovieDetails.jsx": {"path":"/root/.local/share/opencode/worktree/922233a32dab9ee1e3eb2b8edb97450533f05808/tests/src/pages/MovieDetails/MovieDetails.jsx","statementMap":{"0":{"start":{"line":18,"column":20},"end":{"line":18,"column":null}},"1":{"start":{"line":19,"column":18},"end":{"line":19,"column":null}},"2":{"start":{"line":20,"column":23},"end":{"line":20,"column":null}},"3":{"start":{"line":21,"column":34},"end":{"line":21,"column":null}},"4":{"start":{"line":22,"column":40},"end":{"line":22,"column":null}},"5":{"start":{"line":23,"column":21},"end":{"line":23,"column":null}},"6":{"start":{"line":25,"column":4},"end":{"line":74,"column":null}},"7":{"start":{"line":60,"column":70},"end":{"line":60,"column":74}},"8":{"start":{"line":66,"column":24},"end":{"line":66,"column":null}},"9":{"start":{"line":69,"column":70},"end":{"line":69,"column":90}},"10":{"start":{"line":70,"column":70},"end":{"line":70,"column":105}}},"fnMap":{"0":{"name":"MovieDetails","decl":{"start":{"line":17,"column":9},"end":{"line":17,"column":24}},"loc":{"start":{"line":17,"column":24},"end":{"line":76,"column":null}},"line":17},"1":{"name":"(anonymous_1)","decl":{"start":{"line":60,"column":65},"end":{"line":60,"column":70}},"loc":{"start":{"line":60,"column":70},"end":{"line":60,"column":74}},"line":60},"2":{"name":"(anonymous_2)","decl":{"start":{"line":65,"column":64},"end":{"line":65,"column":72}},"loc":{"start":{"line":65,"column":72},"end":{"line":67,"column":21}},"line":65},"3":{"name":"(anonymous_3)","decl":{"start":{"line":69,"column":64},"end":{"line":69,"column":70}},"loc":{"start":{"line":69,"column":70},"end":{"line":69,"column":90}},"line":69},"4":{"name":"(anonymous_4)","decl":{"start":{"line":70,"column":64},"end":{"line":70,"column":70}},"loc":{"start":{"line":70,"column":70},"end":{"line":70,"column":105}},"line":70}},"branchMap":{"0":{"loc":{"start":{"line":26,"column":24},"end":{"line":26,"column":null}},"type":"cond-expr","locations":[{"start":{"line":26,"column":35},"end":{"line":26,"column":63}},{"start":{"line":26,"column":63},"end":{"line":26,"column":null}}],"line":26},"1":{"loc":{"start":{"line":27,"column":13},"end":{"line":44,"column":null}},"type":"cond-expr","locations":[{"start":{"line":28,"column":18},"end":{"line":39,"column":null}},{"start":{"line":40,"column":18},"end":{"line":44,"column":null}}],"line":27},"2":{"loc":{"start":{"line":47,"column":28},"end":{"line":47,"column":null}},"type":"cond-expr","locations":[{"start":{"line":47,"column":39},"end":{"line":47,"column":61}},{"start":{"line":47,"column":61},"end":{"line":47,"column":null}}],"line":47},"3":{"loc":{"start":{"line":51,"column":38},"end":{"line":51,"column":74}},"type":"cond-expr","locations":[{"start":{"line":51,"column":46},"end":{"line":51,"column":71}},{"start":{"line":51,"column":71},"end":{"line":51,"column":74}}],"line":51},"4":{"loc":{"start":{"line":65,"column":22},"end":{"line":65,"column":37}},"type":"binary-expr","locations":[{"start":{"line":65,"column":22},"end":{"line":65,"column":33}},{"start":{"line":65,"column":33},"end":{"line":65,"column":37}}],"line":65},"5":{"loc":{"start":{"line":68,"column":21},"end":{"line":70,"column":null}},"type":"cond-expr","locations":[{"start":{"line":69,"column":26},"end":{"line":69,"column":null}},{"start":{"line":70,"column":26},"end":{"line":70,"column":null}}],"line":68}},"s":{"0":12,"1":12,"2":12,"3":12,"4":12,"5":12,"6":12,"7":12,"8":34,"9":1,"10":2},"f":{"0":12,"1":12,"2":34,"3":1,"4":2},"b":{"0":[12,0],"1":[11,1],"2":[12,0],"3":[12,0],"4":[12,0],"5":[4,8]},"meta":{"lastBranch":6,"lastFunction":5,"lastStatement":11,"seen":{"f:17:9:17:24":0,"s:18:20:18:Infinity":0,"s:19:18:19:Infinity":1,"s:20:23:20:Infinity":2,"s:21:34:21:Infinity":3,"s:22:40:22:Infinity":4,"s:23:21:23:Infinity":5,"s:25:4:74:Infinity":6,"b:26:35:26:63:26:63:26:Infinity":0,"b:28:18:39:Infinity:40:18:44:Infinity":1,"b:47:39:47:61:47:61:47:Infinity":2,"b:51:46:51:71:51:71:51:74":3,"f:60:65:60:70":1,"s:60:70:60:74":7,"b:65:22:65:33:65:33:65:37":4,"f:65:64:65:72":2,"s:66:24:66:Infinity":8,"b:69:26:69:Infinity:70:26:70:Infinity":5,"f:69:64:69:70":3,"s:69:70:69:90":9,"f:70:64:70:70":4,"s:70:70:70:105":10},"fnNames":{}}}
,"/root/.local/share/opencode/worktree/922233a32dab9ee1e3eb2b8edb97450533f05808/tests/src/pages/MyFavorites/Myfavorites.jsx": {"path":"/root/.local/share/opencode/worktree/922233a32dab9ee1e3eb2b8edb97450533f05808/tests/src/pages/MyFavorites/Myfavorites.jsx","statementMap":{"0":{"start":{"line":12,"column":28},"end":{"line":12,"column":null}},"1":{"start":{"line":13,"column":24},"end":{"line":13,"column":null}},"2":{"start":{"line":14,"column":22},"end":{"line":14,"column":null}},"3":{"start":{"line":16,"column":4},"end":{"line":23,"column":null}},"4":{"start":{"line":17,"column":8},"end":{"line":22,"column":null}},"5":{"start":{"line":19,"column":16},"end":{"line":19,"column":null}},"6":{"start":{"line":20,"column":16},"end":{"line":20,"column":null}},"7":{"start":{"line":22,"column":26},"end":{"line":22,"column":42}},"8":{"start":{"line":25,"column":4},"end":{"line":35,"column":null}},"9":{"start":{"line":29,"column":20},"end":{"line":31,"column":null}}},"fnMap":{"0":{"name":"MyFavorites","decl":{"start":{"line":11,"column":9},"end":{"line":11,"column":23}},"loc":{"start":{"line":11,"column":23},"end":{"line":37,"column":null}},"line":11},"1":{"name":"(anonymous_1)","decl":{"start":{"line":16,"column":14},"end":{"line":16,"column":20}},"loc":{"start":{"line":16,"column":20},"end":{"line":23,"column":7}},"line":16},"2":{"name":"(anonymous_2)","decl":{"start":{"line":18,"column":18},"end":{"line":18,"column":25}},"loc":{"start":{"line":18,"column":25},"end":{"line":21,"column":13}},"line":18},"3":{"name":"(anonymous_3)","decl":{"start":{"line":22,"column":19},"end":{"line":22,"column":26}},"loc":{"start":{"line":22,"column":26},"end":{"line":22,"column":42}},"line":22},"4":{"name":"(anonymous_4)","decl":{"start":{"line":28,"column":29},"end":{"line":28,"column":37}},"loc":{"start":{"line":28,"column":37},"end":{"line":32,"column":17}},"line":28}},"branchMap":{"0":{"loc":{"start":{"line":27,"column":13},"end":{"line":33,"column":null}},"type":"cond-expr","locations":[{"start":{"line":28,"column":18},"end":{"line":32,"column":null}},{"start":{"line":33,"column":18},"end":{"line":33,"column":null}}],"line":27}},"s":{"0":12,"1":12,"2":12,"3":12,"4":7,"5":6,"6":6,"7":1,"8":12,"9":1},"f":{"0":12,"1":7,"2":6,"3":1,"4":1},"b":{"0":[6,5]},"meta":{"lastBranch":1,"lastFunction":5,"lastStatement":10,"seen":{"f:11:9:11:23":0,"s:12:28:12:Infinity":0,"s:13:24:13:Infinity":1,"s:14:22:14:Infinity":2,"s:16:4:23:Infinity":3,"f:16:14:16:20":1,"s:17:8:22:Infinity":4,"f:18:18:18:25":2,"s:19:16:19:Infinity":5,"s:20:16:20:Infinity":6,"f:22:19:22:26":3,"s:22:26:22:42":7,"s:25:4:35:Infinity":8,"b:28:18:32:Infinity:33:18:33:Infinity":0,"f:28:29:28:37":4,"s:29:20:31:Infinity":9},"fnNames":{}}}
,"/root/.local/share/opencode/worktree/922233a32dab9ee1e3eb2b8edb97450533f05808/tests/src/pages/SignIn/SignIn.jsx": {"path":"/root/.local/share/opencode/worktree/922233a32dab9ee1e3eb2b8edb97450533f05808/tests/src/pages/SignIn/SignIn.jsx","statementMap":{"0":{"start":{"line":9,"column":10},"end":{"line":9,"column":null}},"1":{"start":{"line":10,"column":37},"end":{"line":10,"column":null}},"2":{"start":{"line":11,"column":21},"end":{"line":11,"column":null}},"3":{"start":{"line":12,"column":26},"end":{"line":12,"column":null}},"4":{"start":{"line":13,"column":32},"end":{"line":13,"column":null}},"5":{"start":{"line":14,"column":22},"end":{"line":14,"column":null}},"6":{"start":{"line":16,"column":25},"end":{"line":28,"column":null}},"7":{"start":{"line":17,"column":8},"end":{"line":17,"column":null}},"8":{"start":{"line":18,"column":8},"end":{"line":27,"column":null}},"9":{"start":{"line":20,"column":16},"end":{"line":20,"column":null}},"10":{"start":{"line":21,"column":16},"end":{"line":21,"column":null}},"11":{"start":{"line":22,"column":16},"end":{"line":22,"column":null}},"12":{"start":{"line":23,"column":16},"end":{"line":23,"column":null}},"13":{"start":{"line":24,"column":16},"end":{"line":24,"column":null}},"14":{"start":{"line":25,"column":16},"end":{"line":25,"column":null}},"15":{"start":{"line":27,"column":26},"end":{"line":27,"column":42}},"16":{"start":{"line":30,"column":4},"end":{"line":54,"column":null}},"17":{"start":{"line":41,"column":123},"end":{"line":41,"column":149}},"18":{"start":{"line":45,"column":130},"end":{"line":45,"column":159}}},"fnMap":{"0":{"name":"SignIn","decl":{"start":{"line":8,"column":9},"end":{"line":8,"column":18}},"loc":{"start":{"line":8,"column":18},"end":{"line":56,"column":null}},"line":8},"1":{"name":"(anonymous_1)","decl":{"start":{"line":16,"column":25},"end":{"line":16,"column":26}},"loc":{"start":{"line":16,"column":32},"end":{"line":28,"column":null}},"line":16},"2":{"name":"(anonymous_2)","decl":{"start":{"line":19,"column":18},"end":{"line":19,"column":25}},"loc":{"start":{"line":19,"column":25},"end":{"line":26,"column":13}},"line":19},"3":{"name":"(anonymous_3)","decl":{"start":{"line":27,"column":19},"end":{"line":27,"column":26}},"loc":{"start":{"line":27,"column":26},"end":{"line":27,"column":42}},"line":27},"4":{"name":"(anonymous_4)","decl":{"start":{"line":41,"column":116},"end":{"line":41,"column":117}},"loc":{"start":{"line":41,"column":123},"end":{"line":41,"column":149}},"line":41},"5":{"name":"(anonymous_5)","decl":{"start":{"line":45,"column":123},"end":{"line":45,"column":124}},"loc":{"start":{"line":45,"column":130},"end":{"line":45,"column":159}},"line":45}},"branchMap":{"0":{"loc":{"start":{"line":31,"column":24},"end":{"line":31,"column":null}},"type":"cond-expr","locations":[{"start":{"line":31,"column":35},"end":{"line":31,"column":56}},{"start":{"line":31,"column":56},"end":{"line":31,"column":null}}],"line":31},"1":{"loc":{"start":{"line":32,"column":13},"end":{"line":52,"column":null}},"type":"cond-expr","locations":[{"start":{"line":33,"column":18},"end":{"line":33,"column":null}},{"start":{"line":34,"column":18},"end":{"line":52,"column":null}}],"line":32},"2":{"loc":{"start":{"line":39,"column":36},"end":{"line":39,"column":null}},"type":"cond-expr","locations":[{"start":{"line":39,"column":47},"end":{"line":39,"column":65}},{"start":{"line":39,"column":65},"end":{"line":39,"column":null}}],"line":39},"3":{"loc":{"start":{"line":43,"column":36},"end":{"line":43,"column":null}},"type":"cond-expr","locations":[{"start":{"line":43,"column":47},"end":{"line":43,"column":65}},{"start":{"line":43,"column":65},"end":{"line":43,"column":null}}],"line":43}},"s":{"0":22,"1":22,"2":22,"3":22,"4":22,"5":22,"6":22,"7":3,"8":3,"9":2,"10":2,"11":2,"12":2,"13":2,"14":2,"15":1,"16":22,"17":3,"18":3},"f":{"0":22,"1":3,"2":2,"3":1,"4":3,"5":3},"b":{"0":[21,1],"1":[5,17],"2":[16,1],"3":[16,1]},"meta":{"lastBranch":4,"lastFunction":6,"lastStatement":19,"seen":{"f:8:9:8:18":0,"s:9:10:9:Infinity":0,"s:10:37:10:Infinity":1,"s:11:21:11:Infinity":2,"s:12:26:12:Infinity":3,"s:13:32:13:Infinity":4,"s:14:22:14:Infinity":5,"s:16:25:28:Infinity":6,"f:16:25:16:26":1,"s:17:8:17:Infinity":7,"s:18:8:27:Infinity":8,"f:19:18:19:25":2,"s:20:16:20:Infinity":9,"s:21:16:21:Infinity":10,"s:22:16:22:Infinity":11,"s:23:16:23:Infinity":12,"s:24:16:24:Infinity":13,"s:25:16:25:Infinity":14,"f:27:19:27:26":3,"s:27:26:27:42":15,"s:30:4:54:Infinity":16,"b:31:35:31:56:31:56:31:Infinity":0,"b:33:18:33:Infinity:34:18:52:Infinity":1,"b:39:47:39:65:39:65:39:Infinity":2,"f:41:116:41:117":4,"s:41:123:41:149":17,"b:43:47:43:65:43:65:43:Infinity":3,"f:45:123:45:124":5,"s:45:130:45:159":18},"fnNames":{}}}
,"/root/.local/share/opencode/worktree/922233a32dab9ee1e3eb2b8edb97450533f05808/tests/src/pages/SignUp/SignUp.jsx": {"path":"/root/.local/share/opencode/worktree/922233a32dab9ee1e3eb2b8edb97450533f05808/tests/src/pages/SignUp/SignUp.jsx","statementMap":{"0":{"start":{"line":8,"column":21},"end":{"line":8,"column":null}},"1":{"start":{"line":9,"column":26},"end":{"line":9,"column":null}},"2":{"start":{"line":10,"column":32},"end":{"line":10,"column":null}},"3":{"start":{"line":11,"column":32},"end":{"line":11,"column":null}},"4":{"start":{"line":12,"column":22},"end":{"line":12,"column":null}},"5":{"start":{"line":14,"column":25},"end":{"line":27,"column":null}},"6":{"start":{"line":15,"column":8},"end":{"line":15,"column":null}},"7":{"start":{"line":16,"column":8},"end":{"line":26,"column":null}},"8":{"start":{"line":18,"column":16},"end":{"line":24,"column":null}},"9":{"start":{"line":19,"column":20},"end":{"line":19,"column":null}},"10":{"start":{"line":21,"column":20},"end":{"line":21,"column":null}},"11":{"start":{"line":22,"column":20},"end":{"line":22,"column":null}},"12":{"start":{"line":23,"column":20},"end":{"line":23,"column":null}},"13":{"start":{"line":26,"column":26},"end":{"line":26,"column":42}},"14":{"start":{"line":29,"column":4},"end":{"line":59,"column":null}},"15":{"start":{"line":39,"column":119},"end":{"line":39,"column":145}},"16":{"start":{"line":44,"column":126},"end":{"line":44,"column":155}},"17":{"start":{"line":49,"column":127},"end":{"line":49,"column":156}}},"fnMap":{"0":{"name":"SignUp","decl":{"start":{"line":7,"column":9},"end":{"line":7,"column":18}},"loc":{"start":{"line":7,"column":18},"end":{"line":61,"column":null}},"line":7},"1":{"name":"(anonymous_1)","decl":{"start":{"line":14,"column":25},"end":{"line":14,"column":26}},"loc":{"start":{"line":14,"column":32},"end":{"line":27,"column":null}},"line":14},"2":{"name":"(anonymous_2)","decl":{"start":{"line":17,"column":18},"end":{"line":17,"column":25}},"loc":{"start":{"line":17,"column":25},"end":{"line":25,"column":13}},"line":17},"3":{"name":"(anonymous_3)","decl":{"start":{"line":26,"column":19},"end":{"line":26,"column":26}},"loc":{"start":{"line":26,"column":26},"end":{"line":26,"column":42}},"line":26},"4":{"name":"(anonymous_4)","decl":{"start":{"line":39,"column":112},"end":{"line":39,"column":113}},"loc":{"start":{"line":39,"column":119},"end":{"line":39,"column":145}},"line":39},"5":{"name":"(anonymous_5)","decl":{"start":{"line":44,"column":119},"end":{"line":44,"column":120}},"loc":{"start":{"line":44,"column":126},"end":{"line":44,"column":155}},"line":44},"6":{"name":"(anonymous_6)","decl":{"start":{"line":49,"column":120},"end":{"line":49,"column":121}},"loc":{"start":{"line":49,"column":127},"end":{"line":49,"column":156}},"line":49}},"branchMap":{"0":{"loc":{"start":{"line":18,"column":16},"end":{"line":24,"column":null}},"type":"if","locations":[{"start":{"line":18,"column":16},"end":{"line":24,"column":null}},{"start":{"line":20,"column":23},"end":{"line":24,"column":null}}],"line":18},"1":{"loc":{"start":{"line":30,"column":24},"end":{"line":30,"column":null}},"type":"cond-expr","locations":[{"start":{"line":30,"column":35},"end":{"line":30,"column":56}},{"start":{"line":30,"column":56},"end":{"line":30,"column":null}}],"line":30},"2":{"loc":{"start":{"line":37,"column":32},"end":{"line":37,"column":null}},"type":"cond-expr","locations":[{"start":{"line":37,"column":43},"end":{"line":37,"column":61}},{"start":{"line":37,"column":61},"end":{"line":37,"column":null}}],"line":37},"3":{"loc":{"start":{"line":42,"column":32},"end":{"line":42,"column":null}},"type":"cond-expr","locations":[{"start":{"line":42,"column":43},"end":{"line":42,"column":61}},{"start":{"line":42,"column":61},"end":{"line":42,"column":null}}],"line":42},"4":{"loc":{"start":{"line":47,"column":32},"end":{"line":47,"column":null}},"type":"cond-expr","locations":[{"start":{"line":47,"column":43},"end":{"line":47,"column":61}},{"start":{"line":47,"column":61},"end":{"line":47,"column":null}}],"line":47}},"s":{"0":28,"1":28,"2":28,"3":28,"4":28,"5":28,"6":5,"7":5,"8":4,"9":1,"10":3,"11":3,"12":3,"13":1,"14":28,"15":5,"16":5,"17":6},"f":{"0":28,"1":5,"2":4,"3":1,"4":5,"5":5,"6":6},"b":{"0":[1,3],"1":[27,1],"2":[27,1],"3":[27,1],"4":[27,1]},"meta":{"lastBranch":5,"lastFunction":7,"lastStatement":18,"seen":{"f:7:9:7:18":0,"s:8:21:8:Infinity":0,"s:9:26:9:Infinity":1,"s:10:32:10:Infinity":2,"s:11:32:11:Infinity":3,"s:12:22:12:Infinity":4,"s:14:25:27:Infinity":5,"f:14:25:14:26":1,"s:15:8:15:Infinity":6,"s:16:8:26:Infinity":7,"f:17:18:17:25":2,"b:18:16:24:Infinity:20:23:24:Infinity":0,"s:18:16:24:Infinity":8,"s:19:20:19:Infinity":9,"s:21:20:21:Infinity":10,"s:22:20:22:Infinity":11,"s:23:20:23:Infinity":12,"f:26:19:26:26":3,"s:26:26:26:42":13,"s:29:4:59:Infinity":14,"b:30:35:30:56:30:56:30:Infinity":1,"b:37:43:37:61:37:61:37:Infinity":2,"f:39:112:39:113":4,"s:39:119:39:145":15,"b:42:43:42:61:42:61:42:Infinity":3,"f:44:119:44:120":5,"s:44:126:44:155":16,"b:47:43:47:61:47:61:47:Infinity":4,"f:49:120:49:121":6,"s:49:127:49:156":17},"fnNames":{}}}
}
